<?xml version="1.0" encoding="UTF-8"?>
<testsuite xmlns:xsi="http://www.w3.org/2001/XMLSchema-instance" xsi:schemaLocation="https://maven.apache.org/surefire/maven-surefire-plugin/xsd/surefire-test-report.xsd" name="com.neo.controller.HelloTests" time="1.657" tests="1" errors="1" skipped="0" failures="0">
  <properties>
[...]
</properties>
  <testcase name="getHello" classname="com.neo.controller.HelloTests" time="0.37">
    <error message="javax/xml/bind/ValidationException" type="java.lang.NoClassDefFoundError">java.lang.NoClassDefFoundError: javax/xml/bind/ValidationException
	at com.neo.controller.HelloTests.setUp(HelloTests.java:29)
Caused by: java.lang.ClassNotFoundException: javax.xml.bind.ValidationException
	at com.neo.controller.HelloTests.setUp(HelloTests.java:29)
</error>
    <system-out><![CDATA[19:09:23.471 [main] DEBUG org.springframework.test.context.junit4.SpringJUnit4ClassRunner - SpringJUnit4ClassRunner constructor called with [class com.neo.controller.HelloTests]
19:09:23.485 [main] DEBUG org.springframework.test.context.BootstrapUtils - Instantiating CacheAwareContextLoaderDelegate from class [org.springframework.test.context.cache.DefaultCacheAwareContextLoaderDelegate]
19:09:23.491 [main] DEBUG org.springframework.test.context.BootstrapUtils - Instantiating BootstrapContext using constructor [public org.springframework.test.context.support.DefaultBootstrapContext(java.lang.Class,org.springframework.test.context.CacheAwareContextLoaderDelegate)]
19:09:23.514 [main] DEBUG org.springframework.test.context.BootstrapUtils - Instantiating TestContextBootstrapper for test class [com.neo.controller.HelloTests] from class [org.springframework.test.context.web.WebTestContextBootstrapper]
19:09:23.561 [main] DEBUG org.springframework.test.context.web.WebTestContextBootstrapper - Found explicit ContextLoader class [org.springframework.boot.test.SpringApplicationContextLoader] for context configuration attributes [ContextConfigurationAttributes@2b662a77 declaringClass = 'com.neo.controller.HelloTests', classes = '{class org.springframework.mock.web.MockServletContext}', locations = '{}', inheritLocations = true, initializers = '{}', inheritInitializers = true, name = [null], contextLoaderClass = 'org.springframework.boot.test.SpringApplicationContextLoader']
19:09:23.583 [main] DEBUG org.springframework.test.context.support.AbstractContextLoader - Did not detect default resource location for test class [com.neo.controller.HelloTests]: class path resource [com/neo/controller/HelloTests-context.xml] does not exist
19:09:23.587 [main] DEBUG org.springframework.test.context.support.AbstractContextLoader - Did not detect default resource location for test class [com.neo.controller.HelloTests]: class path resource [com/neo/controller/HelloTestsContext.groovy] does not exist
19:09:23.593 [main] INFO org.springframework.test.context.support.AbstractContextLoader - Could not detect default resource locations for test class [com.neo.controller.HelloTests]: no resource found for suffixes {-context.xml, Context.groovy}.
19:09:23.598 [main] DEBUG org.springframework.test.context.support.ActiveProfilesUtils - Could not find an 'annotation declaring class' for annotation type [org.springframework.test.context.ActiveProfiles] and class [com.neo.controller.HelloTests]
19:09:23.610 [main] DEBUG org.springframework.test.context.web.WebTestContextBootstrapper - @TestExecutionListeners is not present for class [com.neo.controller.HelloTests]: using defaults.
19:09:23.638 [main] INFO org.springframework.test.context.web.WebTestContextBootstrapper - Loaded default TestExecutionListener class names from location [META-INF/spring.factories]: [org.springframework.test.context.web.ServletTestExecutionListener, org.springframework.test.context.support.DirtiesContextBeforeModesTestExecutionListener, org.springframework.test.context.support.DependencyInjectionTestExecutionListener, org.springframework.test.context.support.DirtiesContextTestExecutionListener, org.springframework.test.context.transaction.TransactionalTestExecutionListener, org.springframework.test.context.jdbc.SqlScriptsTestExecutionListener]
19:09:23.654 [main] INFO org.springframework.test.context.web.WebTestContextBootstrapper - Could not instantiate TestExecutionListener [org.springframework.test.context.jdbc.SqlScriptsTestExecutionListener]. Specify custom listener classes or make the default listener classes (and their required dependencies) available. Offending class: [org/springframework/transaction/interceptor/TransactionAttribute]
19:09:23.660 [main] INFO org.springframework.test.context.web.WebTestContextBootstrapper - Could not instantiate TestExecutionListener [org.springframework.test.context.transaction.TransactionalTestExecutionListener]. Specify custom listener classes or make the default listener classes (and their required dependencies) available. Offending class: [org/springframework/transaction/TransactionDefinition]
19:09:23.665 [main] INFO org.springframework.test.context.web.WebTestContextBootstrapper - Using TestExecutionListeners: [org.springframework.test.context.web.ServletTestExecutionListener@3cd3e762, org.springframework.test.context.support.DirtiesContextBeforeModesTestExecutionListener@1fa121e2, org.springframework.test.context.support.DependencyInjectionTestExecutionListener@7eac9008, org.springframework.test.context.support.DirtiesContextTestExecutionListener@4116aac9]
19:09:23.670 [main] DEBUG org.springframework.test.annotation.ProfileValueUtils - Retrieved @ProfileValueSourceConfiguration [null] for test class [com.neo.controller.HelloTests]
19:09:23.673 [main] DEBUG org.springframework.test.annotation.ProfileValueUtils - Retrieved ProfileValueSource type [class org.springframework.test.annotation.SystemProfileValueSource] for class [com.neo.controller.HelloTests]
19:09:23.676 [main] DEBUG org.springframework.test.annotation.ProfileValueUtils - Retrieved @ProfileValueSourceConfiguration [null] for test class [com.neo.controller.HelloTests]
19:09:23.679 [main] DEBUG org.springframework.test.annotation.ProfileValueUtils - Retrieved ProfileValueSource type [class org.springframework.test.annotation.SystemProfileValueSource] for class [com.neo.controller.HelloTests]
19:09:23.681 [main] DEBUG org.springframework.test.annotation.ProfileValueUtils - Retrieved @ProfileValueSourceConfiguration [null] for test class [com.neo.controller.HelloTests]
19:09:23.683 [main] DEBUG org.springframework.test.annotation.ProfileValueUtils - Retrieved ProfileValueSource type [class org.springframework.test.annotation.SystemProfileValueSource] for class [com.neo.controller.HelloTests]
19:09:23.687 [main] DEBUG org.springframework.test.context.support.AbstractDirtiesContextTestExecutionListener - Before test class: context [DefaultTestContext@7a8c8dcf testClass = HelloTests, testInstance = [null], testMethod = [null], testException = [null], mergedContextConfiguration = [WebMergedContextConfiguration@24269709 testClass = HelloTests, locations = '{}', classes = '{class org.springframework.mock.web.MockServletContext}', contextInitializerClasses = '[]', activeProfiles = '{}', propertySourceLocations = '{}', propertySourceProperties = '{}', resourceBasePath = 'src/main/webapp', contextLoader = 'org.springframework.boot.test.SpringApplicationContextLoader', parent = [null]]], class annotated with @DirtiesContext [false] with mode [null].
19:09:23.689 [main] DEBUG org.springframework.test.annotation.ProfileValueUtils - Retrieved @ProfileValueSourceConfiguration [null] for test class [com.neo.controller.HelloTests]
19:09:23.689 [main] DEBUG org.springframework.test.annotation.ProfileValueUtils - Retrieved ProfileValueSource type [class org.springframework.test.annotation.SystemProfileValueSource] for class [com.neo.controller.HelloTests]
19:09:23.786 [main] DEBUG org.springframework.core.env.StandardEnvironment - Adding [systemProperties] PropertySource with lowest search precedence
19:09:23.790 [main] DEBUG org.springframework.core.env.StandardEnvironment - Adding [systemEnvironment] PropertySource with lowest search precedence
19:09:23.793 [main] DEBUG org.springframework.core.env.StandardEnvironment - Initialized StandardEnvironment with PropertySources [systemProperties,systemEnvironment]
19:09:23.796 [main] DEBUG org.springframework.core.env.StandardEnvironment - Adding [integrationTest] PropertySource with search precedence immediately lower than [systemEnvironment]

  .   ____          _            __ _ _
 /\\ / ___'_ __ _ _(_)_ __  __ _ \ \ \ \
( ( )\___ | '_ | '_| | '_ \/ _` | \ \ \ \
 \\/  ___)| |_)| | | | | || (_| |  ) ) ) )
  '  |____| .__|_| |_|_| |_\__, | / / / /
 =========|_|==============|___/=/_/_/_/
 :: Spring Boot ::        (v1.3.6.RELEASE)

2022-07-18 19:09:24.160  INFO 51065 --- [           main] com.neo.controller.HelloTests            : Starting HelloTests on ubuntu-focal with PID 51065 (/root/spring-boot-examples/spring-boot-package-war/target/test-classes started by root in /root/spring-boot-examples/spring-boot-package-war)
2022-07-18 19:09:24.161  INFO 51065 --- [           main] com.neo.controller.HelloTests            : No active profile set, falling back to default profiles: default
2022-07-18 19:09:24.260  INFO 51065 --- [           main] o.s.w.c.s.GenericWebApplicationContext   : Refreshing org.springframework.web.context.support.GenericWebApplicationContext@19e4fcac: startup date [Mon Jul 18 19:09:24 UTC 2022]; root of context hierarchy
2022-07-18 19:09:24.500  INFO 51065 --- [           main] com.neo.controller.HelloTests            : Started HelloTests in 0.694 seconds (JVM running for 1.576)
2022-07-18 19:09:24.701  INFO 51065 --- [           main] ilder$StaticRequestMappingHandlerMapping : Mapped "{[/hello]}" onto public java.lang.String com.neo.controller.HelloWorldController.index()
]]></system-out>
  </testcase>
</testsuite>